2026-06-15 11:08:51,841 INFO Procesando match_id=15186899
2026-06-15 11:08:54,666 WARNING Intento 1/3 fallido para /event/15186899: HTTP 403: {"error": {"code": 403, "reason": "Forbidden" }}
2026-06-15 11:09:02,073 WARNING Intento 2/3 fallido para /event/15186899: HTTP 403: {"error": {"code": 403, "reason": "Forbidden" }}
2026-06-15 11:09:10,094 WARNING Intento 3/3 fallido para /event/15186899: HTTP 403: {"error": {"code": 403, "reason": "Forbidden" }}
2026-06-15 11:09:12,920 ERROR ERROR match_id=15186899: No se pudo descargar /event/15186899: HTTP 403: {"error": {"code": 403, "reason": "Forbidden" }}
Traceback (most recent call last):
  File "/home/runner/work/mundial-2026/mundial-2026/backend/scripts/scrape_sofascore.py", line 203, in scrape_match
    meta = extract_event_info(match_id, fallback)
  File "/home/runner/work/mundial-2026/mundial-2026/backend/scripts/scrape_sofascore.py", line 140, in extract_event_info
    event = get_json(f"/event/{match_id}").get("event") or {}
  File "/home/runner/work/mundial-2026/mundial-2026/backend/scripts/scrape_sofascore.py", line 95, in get_json
    raise RuntimeError(f"No se pudo descargar {path}: {last_exc}")
RuntimeError: No se pudo descargar /event/15186899: HTTP 403: {"error": {"code": 403, "reason": "Forbidden" }}
2026-06-15 11:09:12,921 INFO Procesando match_id=15186951
2026-06-15 11:09:15,267 WARNING Intento 1/3 fallido para /event/15186951: HTTP 403: {"error": {"code": 403, "reason": "Forbidden" }}
2026-06-15 11:09:22,444 WARNING Intento 2/3 fallido para /event/15186951: HTTP 403: {"error": {"code": 403, "reason": "Forbidden" }}
2026-06-15 11:09:26,962 WARNING Intento 3/3 fallido para /event/15186951: HTTP 403: {"error": {"code": 403, "reason": "Forbidden" }}
2026-06-15 11:09:30,430 ERROR ERROR match_id=15186951: No se pudo descargar /event/15186951: HTTP 403: {"error": {"code": 403, "reason": "Forbidden" }}
Traceback (most recent call last):
  File "/home/runner/work/mundial-2026/mundial-2026/backend/scripts/scrape_sofascore.py", line 203, in scrape_match
    meta = extract_event_info(match_id, fallback)
  File "/home/runner/work/mundial-2026/mundial-2026/backend/scripts/scrape_sofascore.py", line 140, in extract_event_info
    event = get_json(f"/event/{match_id}").get("event") or {}
  File "/home/runner/work/mundial-2026/mundial-2026/backend/scripts/scrape_sofascore.py", line 95, in get_json
    raise RuntimeError(f"No se pudo descargar {path}: {last_exc}")
RuntimeError: No se pudo descargar /event/15186951: HTTP 403: {"error": {"code": 403, "reason": "Forbidden" }}
2026-06-15 11:09:30,430 INFO Resumen scraper: partidos=2 ok=0 fallidos=2
2026-06-15 11:09:30,430 INFO El workflow termina en verde aunque SofaScore bloquee. Si fallidos > 0, usa carga manual en CSV.
